  character.cpp
c:\users\100651857\documents\repo\basketbrawlers\opengl_framework\character.cpp(204): warning C4018: '<': signed/unsigned mismatch
c:\users\100651857\documents\repo\basketbrawlers\opengl_framework\character.cpp(245): warning C4018: '<': signed/unsigned mismatch
c:\users\100651857\documents\repo\basketbrawlers\opengl_framework\character.cpp(293): warning C4244: '=': conversion from 'float' to 'unsigned int', possible loss of data
c:\users\100651857\documents\repo\basketbrawlers\opengl_framework\character.cpp(463): warning C4244: 'argument': conversion from 'unsigned int' to 'float', possible loss of data
c:\users\100651857\documents\repo\basketbrawlers\opengl_framework\character.cpp(583): warning C4018: '>': signed/unsigned mismatch
c:\users\100651857\documents\repo\basketbrawlers\opengl_framework\character.cpp(587): warning C4244: 'argument': conversion from 'unsigned int' to 'float', possible loss of data
c:\users\100651857\documents\repo\basketbrawlers\opengl_framework\character.cpp(594): warning C4018: '>': signed/unsigned mismatch
c:\users\100651857\documents\repo\basketbrawlers\opengl_framework\character.cpp(594): warning C4018: '<': signed/unsigned mismatch
c:\users\100651857\documents\repo\basketbrawlers\opengl_framework\character.cpp(602): warning C4244: 'argument': conversion from 'unsigned int' to 'float', possible loss of data
c:\users\100651857\documents\repo\basketbrawlers\opengl_framework\character.cpp(620): warning C4244: 'argument': conversion from 'unsigned int' to 'float', possible loss of data
c:\users\100651857\documents\repo\basketbrawlers\opengl_framework\character.cpp(655): warning C4244: 'argument': conversion from 'unsigned int' to 'float', possible loss of data
  FrameBuffer.cpp
c:\users\100651857\documents\repo\basketbrawlers\opengl_framework\framebuffer.cpp(14): warning C4018: '<': signed/unsigned mismatch
c:\users\100651857\documents\repo\basketbrawlers\opengl_framework\framebuffer.cpp(94): warning C4018: '<': signed/unsigned mismatch
  Game.cpp
c:\users\100651857\documents\repo\basketbrawlers\opengl_framework\game.cpp(252): warning C4244: 'argument': conversion from 'float' to 'unsigned int', possible loss of data
c:\users\100651857\documents\repo\basketbrawlers\opengl_framework\game.cpp(260): warning C4244: 'argument': conversion from 'float' to 'unsigned int', possible loss of data
c:\users\100651857\documents\repo\basketbrawlers\opengl_framework\game.cpp(297): warning C4018: '>=': signed/unsigned mismatch
c:\users\100651857\documents\repo\basketbrawlers\opengl_framework\game.cpp(316): warning C4018: '>=': signed/unsigned mismatch
c:\users\100651857\documents\repo\basketbrawlers\opengl_framework\game.cpp(332): warning C4244: 'argument': conversion from 'float' to 'int', possible loss of data
c:\users\100651857\documents\repo\basketbrawlers\opengl_framework\game.cpp(333): warning C4244: 'argument': conversion from 'float' to 'int', possible loss of data
c:\users\100651857\documents\repo\basketbrawlers\opengl_framework\game.cpp(595): warning C4244: 'argument': conversion from 'float' to 'GLsizei', possible loss of data
c:\users\100651857\documents\repo\basketbrawlers\opengl_framework\game.cpp(613): warning C4244: 'argument': conversion from 'float' to 'GLsizei', possible loss of data
  hitbox.cpp
  main.cpp
  Mesh.cpp
  ParticleEffect.cpp
c:\users\100651857\documents\repo\basketbrawlers\opengl_framework\particleeffect.cpp(51): warning C4244: '=': conversion from 'unsigned int' to 'float', possible loss of data
c:\users\100651857\documents\repo\basketbrawlers\opengl_framework\particleeffect.cpp(94): warning C4244: 'initializing': conversion from 'float' to 'int', possible loss of data
  Random.cpp
  ShaderProgram.cpp
  Texture.cpp
  Timer.cpp
  Utilities.cpp
  Generating Code...
MiniMath.lib(Utilities.obj) : warning LNK4099: PDB 'MiniMath.pdb' was not found with 'MiniMath.lib(Utilities.obj)' or at 'C:\Users\100651857\Documents\Repo\BasketBrawlers\Debug\MiniMath.pdb'; linking object as if no debug info
MiniMath.lib(Matrix.obj) : warning LNK4099: PDB 'MiniMath.pdb' was not found with 'MiniMath.lib(Matrix.obj)' or at 'C:\Users\100651857\Documents\Repo\BasketBrawlers\Debug\MiniMath.pdb'; linking object as if no debug info
MiniMath.lib(Vector.obj) : warning LNK4099: PDB 'MiniMath.pdb' was not found with 'MiniMath.lib(Vector.obj)' or at 'C:\Users\100651857\Documents\Repo\BasketBrawlers\Debug\MiniMath.pdb'; linking object as if no debug info
  OpenGL_Framework.vcxproj -> C:\Users\100651857\Documents\Repo\BasketBrawlers\Debug\OpenGL_Framework.exe
